<!DOCTYPE html PUBLIC "-//W3C//DTD XHTML 1.1//EN" "http://www.w3.org/TR/xhtml11/DTD/xhtml11.dtd">
<html xmlns="http://www.w3.org/1999/xhtml">
<head>
<meta charset='utf-8'>
<title>TestNG Report</title>
<style type="text/css">
table {margin-bottom:10px;border-collapse:collapse;empty-cells:show}
td,th {border:1px solid #009;padding:.25em .5em}
.result th {vertical-align:bottom}
.param th {padding-left:1em;padding-right:1em}
.param td {padding-left:.5em;padding-right:2em}
.stripe td,.stripe th {background-color: #E6EBF9}
.numi,.numi_attn {text-align:right}
.total td {font-weight:bold}
.passedodd td {background-color: #0A0}
.passedeven td {background-color: #3F3}
.skippedodd td {background-color: #CCC}
.skippedodd td {background-color: #DDD}
.failedodd td,.numi_attn {background-color: #F33}
.failedeven td,.stripe .numi_attn {background-color: #D00}
.stacktrace {white-space:pre;font-family:monospace}
.totop {font-size:85%;text-align:center;border-bottom:2px solid #000}
</style>
</head>
<body>
<table cellspacing="0" cellpadding="0" class="testOverview">
<tr><th>Test</th><th>Methods<br/>Passed</th><th>Scenarios<br/>Passed</th><th># skipped</th><th># failed</th><th>Total<br/>Time</th><th>Included<br/>Groups</th><th>Excluded<br/>Groups</th></tr>
<tr><td style="text-align:left;padding-right:2em"><a href="#t1">Regression Functional Regression Test</a></td><td class="numi">12</td><td class="numi">10</td><td class="numi">0</td><td class="numi_attn">4</td><td class="numi">138.8 seconds</td><td class="numi"></td><td class="numi"></td></tr>
</table>
<table cellspacing="0" cellpadding="0" class="methodOverview" id="summary">
<tr><th>Class</th><th>Method</th><th># of<br/>Scenarios</th><th>Start</th><th>Time<br/>(ms)</th></tr>
<tr id="t1"><th colspan="5">Regression Functional Regression Test &#8212; failed</th></tr>
<tr class="failedodd"><td rowspan="4">com.qa.hubspot.tests.ContactsPageTest</td><td><a href="#m1"><b>createContactsDPTest</b>  </a></td><td class="numi">2</td><td>1589735777963</td><td class="numi">58191</td></tr><tr class="failedodd"><td><a href="#m2"><b>createContactsDPTest</b>  </a></td><td class="numi">2</td><td>1589735777963</td><td class="numi">58191</td></tr><tr class="failedodd"><td><a href="#m3"><b>createContactsDPTest</b>  </a></td><td class="numi">2</td><td>1589735777963</td><td class="numi">58191</td></tr><tr class="failedodd"><td><a href="#m4"><b>createContactsDPTest</b>  </a></td><td class="numi">2</td><td>1589735777963</td><td class="numi">58191</td></tr>
<tr><th colspan="5">Regression Functional Regression Test &#8212; passed</th></tr>
<tr class="passedodd"><td>com.qa.hubspot.tests.LoginPageTest</td><td><a href="#m5"><b>verifyLoginPageTitleTest</b>  </a></td><td class="numi">1</td><td>1589735741973</td><td class="numi">5361</td></tr>
<tr class="passedeven"><td>com.qa.hubspot.tests.HomePageTest</td><td><a href="#m6"><b>verifyHomePageHeaderTest</b>  </a></td><td class="numi">1</td><td>1589735747335</td><td class="numi">89</td></tr>
<tr class="passedodd"><td>com.qa.hubspot.tests.ContactsPageTest</td><td><a href="#m7"><b>verifyContactPageTitleTest</b>  </a></td><td class="numi">1</td><td>1589735761272</td><td class="numi">31</td></tr>
<tr class="passedeven"><td>com.qa.hubspot.tests.LoginPageTest</td><td><a href="#m8"><b>verifySignUpLinkTest</b>  </a></td><td class="numi">1</td><td>1589735761901</td><td class="numi">60</td></tr>
<tr class="passedodd"><td>com.qa.hubspot.tests.HomePageTest</td><td><a href="#m9"><b>verifyHomePageTitleTest</b>  </a></td><td class="numi">1</td><td>1589735761961</td><td class="numi">7</td></tr>
<tr class="passedeven"><td rowspan="4">com.qa.hubspot.tests.ContactsPageTest</td><td><a href="#m10"><b>createContactsDPTest</b>  </a></td><td class="numi">2</td><td>1589735795701</td><td class="numi">22396</td></tr><tr class="passedeven"><td><a href="#m11"><b>createContactsDPTest</b>  </a></td><td class="numi">2</td><td>1589735795701</td><td class="numi">22396</td></tr><tr class="passedeven"><td><a href="#m12"><b>createContactsDPTest</b>  </a></td><td class="numi">2</td><td>1589735795701</td><td class="numi">22396</td></tr><tr class="passedeven"><td><a href="#m13"><b>createContactsDPTest</b>  </a></td><td class="numi">2</td><td>1589735795701</td><td class="numi">22396</td></tr>
<tr class="passedodd"><td>com.qa.hubspot.tests.LoginPageTest</td><td><a href="#m14"><b>loginTest</b>  </a></td><td class="numi">1</td><td>1589735836779</td><td class="numi">3266</td></tr>
<tr class="passedeven"><td>com.qa.hubspot.tests.HomePageTest</td><td><a href="#m15"><b>verifyLoggedInUserTest</b>  </a></td><td class="numi">1</td><td>1589735840045</td><td class="numi">45</td></tr>
<tr class="passedodd"><td>com.qa.hubspot.tests.ContactsPageTest</td><td><a href="#m16"><b>createContactsTest</b>  </a></td><td class="numi">1</td><td>1589735854915</td><td class="numi">6970</td></tr>
</table>
<h1>Regression Functional Regression Test</h1>
<h2 id="m1">com.qa.hubspot.tests.ContactsPageTest:createContactsDPTest</h2>
<table cellspacing="0" cellpadding="0" class="result">
<tr class="param"><th>Parameter #1</th><th>Parameter #2</th><th>Parameter #3</th><th>Parameter #4</th></tr>
<tr class="param stripe"><td>hubtest1@huspot.com</td>
<td>Tom</td>
<td>Peter</td>
<td>Engineer</td>
</tr>
<tr><td colspan="4">
<div class="stacktrace">org.openqa.selenium.ElementNotInteractableException: element not interactable
  (Session info: chrome=81.0.4044.138)
Build info: version: &apos;3.141.59&apos;, revision: &apos;e82be7d358&apos;, time: &apos;2018-11-14T08:17:03&apos;
System info: host: &apos;DESKTOP-85OHJUG&apos;, ip: &apos;192.168.0.22&apos;, os.name: &apos;Windows 10&apos;, os.arch: &apos;amd64&apos;, os.version: &apos;10.0&apos;, java.version: &apos;1.8.0_241&apos;
Driver info: org.openqa.selenium.chrome.ChromeDriver
Capabilities {acceptInsecureCerts: false, browserName: chrome, browserVersion: 81.0.4044.138, chrome: {chromedriverVersion: 81.0.4044.138 (8c6c7ba89cc9..., userDataDir: C:\Users\Viji\AppData\Local...}, goog:chromeOptions: {debuggerAddress: localhost:60814}, javascriptEnabled: true, networkConnectionEnabled: false, pageLoadStrategy: normal, platform: WINDOWS, platformName: WINDOWS, proxy: Proxy(), setWindowRect: true, strictFileInteractability: false, timeouts: {implicit: 0, pageLoad: 300000, script: 30000}, unhandledPromptBehavior: dismiss and notify, webauthn:virtualAuthenticators: true}
Session ID: 18b86d19e3f10b571d363e5179c08a78
	at sun.reflect.NativeConstructorAccessorImpl.newInstance0(Native Method)
	at sun.reflect.NativeConstructorAccessorImpl.newInstance(NativeConstructorAccessorImpl.java:62)
	at sun.reflect.DelegatingConstructorAccessorImpl.newInstance(DelegatingConstructorAccessorImpl.java:45)
	at java.lang.reflect.Constructor.newInstance(Constructor.java:423)
	at org.openqa.selenium.remote.http.W3CHttpResponseCodec.createException(W3CHttpResponseCodec.java:187)
	at org.openqa.selenium.remote.http.W3CHttpResponseCodec.decode(W3CHttpResponseCodec.java:122)
	at org.openqa.selenium.remote.http.W3CHttpResponseCodec.decode(W3CHttpResponseCodec.java:49)
	at org.openqa.selenium.remote.HttpCommandExecutor.execute(HttpCommandExecutor.java:158)
	at org.openqa.selenium.remote.service.DriverCommandExecutor.execute(DriverCommandExecutor.java:83)
	at org.openqa.selenium.remote.RemoteWebDriver.execute(RemoteWebDriver.java:552)
	at org.openqa.selenium.remote.RemoteWebElement.execute(RemoteWebElement.java:285)
	at org.openqa.selenium.remote.RemoteWebElement.sendKeys(RemoteWebElement.java:106)
	at com.qa.hubspot.util.ElementActions.doSendKeys(ElementActions.java:46)
	at com.qa.hubspot.pages.ContactsPage.createNewContactsTestDataProvider(ContactsPage.java:89)
	at com.qa.hubspot.tests.ContactsPageTest.createContactsDPTest(ContactsPageTest.java:52)
	at sun.reflect.NativeMethodAccessorImpl.invoke0(Native Method)
	at sun.reflect.NativeMethodAccessorImpl.invoke(NativeMethodAccessorImpl.java:62)
	at sun.reflect.DelegatingMethodAccessorImpl.invoke(DelegatingMethodAccessorImpl.java:43)
	at java.lang.reflect.Method.invoke(Method.java:498)
	at org.testng.internal.MethodInvocationHelper.invokeMethod(MethodInvocationHelper.java:124)
	at org.testng.internal.Invoker.invokeMethod(Invoker.java:583)
	at org.testng.internal.Invoker.invokeTestMethod(Invoker.java:719)
	at org.testng.internal.Invoker.invokeTestMethods(Invoker.java:989)
	at org.testng.internal.TestMethodWorker.invokeTestMethods(TestMethodWorker.java:125)
	at org.testng.internal.TestMethodWorker.run(TestMethodWorker.java:109)
	at org.testng.TestRunner.privateRun(TestRunner.java:648)
	at org.testng.TestRunner.run(TestRunner.java:505)
	at org.testng.SuiteRunner.runTest(SuiteRunner.java:455)
	at org.testng.SuiteRunner.runSequentially(SuiteRunner.java:450)
	at org.testng.SuiteRunner.privateRun(SuiteRunner.java:415)
	at org.testng.SuiteRunner.run(SuiteRunner.java:364)
	at org.testng.SuiteRunnerWorker.runSuite(SuiteRunnerWorker.java:52)
	at org.testng.SuiteRunnerWorker.run(SuiteRunnerWorker.java:84)
	at org.testng.TestNG.runSuitesSequentially(TestNG.java:1208)
	at org.testng.TestNG.runSuitesLocally(TestNG.java:1137)
	at org.testng.TestNG.runSuites(TestNG.java:1049)
	at org.testng.TestNG.run(TestNG.java:1017)
	at com.intellij.rt.testng.IDEARemoteTestNG.run(IDEARemoteTestNG.java:66)
	at com.intellij.rt.testng.RemoteTestNGStarter.main(RemoteTestNGStarter.java:110)
</div>
</td></tr>
</table>
<p class="totop"><a href="#summary">back to summary</a></p>
<h2 id="m2">com.qa.hubspot.tests.ContactsPageTest:createContactsDPTest</h2>
<table cellspacing="0" cellpadding="0" class="result">
<tr class="param"><th>Parameter #1</th><th>Parameter #2</th><th>Parameter #3</th><th>Parameter #4</th></tr>
<tr class="param stripe"><td>hubtest4@hubspot.com</td>
<td>Peter</td>
<td>Marc</td>
<td>Business Analyst</td>
</tr>
<tr><td colspan="4">
<div class="stacktrace">org.openqa.selenium.ElementNotInteractableException: element not interactable
  (Session info: chrome=81.0.4044.138)
Build info: version: &apos;3.141.59&apos;, revision: &apos;e82be7d358&apos;, time: &apos;2018-11-14T08:17:03&apos;
System info: host: &apos;DESKTOP-85OHJUG&apos;, ip: &apos;192.168.0.22&apos;, os.name: &apos;Windows 10&apos;, os.arch: &apos;amd64&apos;, os.version: &apos;10.0&apos;, java.version: &apos;1.8.0_241&apos;
Driver info: org.openqa.selenium.chrome.ChromeDriver
Capabilities {acceptInsecureCerts: false, browserName: chrome, browserVersion: 81.0.4044.138, chrome: {chromedriverVersion: 81.0.4044.138 (8c6c7ba89cc9..., userDataDir: C:\Users\Viji\AppData\Local...}, goog:chromeOptions: {debuggerAddress: localhost:60987}, javascriptEnabled: true, networkConnectionEnabled: false, pageLoadStrategy: normal, platform: WINDOWS, platformName: WINDOWS, proxy: Proxy(), setWindowRect: true, strictFileInteractability: false, timeouts: {implicit: 0, pageLoad: 300000, script: 30000}, unhandledPromptBehavior: dismiss and notify, webauthn:virtualAuthenticators: true}
Session ID: 813e739b424fc962c437ab3b6f4b5cc7
	at sun.reflect.NativeConstructorAccessorImpl.newInstance0(Native Method)
	at sun.reflect.NativeConstructorAccessorImpl.newInstance(NativeConstructorAccessorImpl.java:62)
	at sun.reflect.DelegatingConstructorAccessorImpl.newInstance(DelegatingConstructorAccessorImpl.java:45)
	at java.lang.reflect.Constructor.newInstance(Constructor.java:423)
	at org.openqa.selenium.remote.http.W3CHttpResponseCodec.createException(W3CHttpResponseCodec.java:187)
	at org.openqa.selenium.remote.http.W3CHttpResponseCodec.decode(W3CHttpResponseCodec.java:122)
	at org.openqa.selenium.remote.http.W3CHttpResponseCodec.decode(W3CHttpResponseCodec.java:49)
	at org.openqa.selenium.remote.HttpCommandExecutor.execute(HttpCommandExecutor.java:158)
	at org.openqa.selenium.remote.service.DriverCommandExecutor.execute(DriverCommandExecutor.java:83)
	at org.openqa.selenium.remote.RemoteWebDriver.execute(RemoteWebDriver.java:552)
	at org.openqa.selenium.remote.RemoteWebElement.execute(RemoteWebElement.java:285)
	at org.openqa.selenium.remote.RemoteWebElement.sendKeys(RemoteWebElement.java:106)
	at com.qa.hubspot.util.ElementActions.doSendKeys(ElementActions.java:46)
	at com.qa.hubspot.pages.ContactsPage.createNewContactsTestDataProvider(ContactsPage.java:89)
	at com.qa.hubspot.tests.ContactsPageTest.createContactsDPTest(ContactsPageTest.java:52)
	at sun.reflect.NativeMethodAccessorImpl.invoke0(Native Method)
	at sun.reflect.NativeMethodAccessorImpl.invoke(NativeMethodAccessorImpl.java:62)
	at sun.reflect.DelegatingMethodAccessorImpl.invoke(DelegatingMethodAccessorImpl.java:43)
	at java.lang.reflect.Method.invoke(Method.java:498)
	at org.testng.internal.MethodInvocationHelper.invokeMethod(MethodInvocationHelper.java:124)
	at org.testng.internal.Invoker.invokeMethod(Invoker.java:583)
	at org.testng.internal.Invoker.invokeTestMethod(Invoker.java:719)
	at org.testng.internal.Invoker.invokeTestMethods(Invoker.java:989)
	at org.testng.internal.TestMethodWorker.invokeTestMethods(TestMethodWorker.java:125)
	at org.testng.internal.TestMethodWorker.run(TestMethodWorker.java:109)
	at org.testng.TestRunner.privateRun(TestRunner.java:648)
	at org.testng.TestRunner.run(TestRunner.java:505)
	at org.testng.SuiteRunner.runTest(SuiteRunner.java:455)
	at org.testng.SuiteRunner.runSequentially(SuiteRunner.java:450)
	at org.testng.SuiteRunner.privateRun(SuiteRunner.java:415)
	at org.testng.SuiteRunner.run(SuiteRunner.java:364)
	at org.testng.SuiteRunnerWorker.runSuite(SuiteRunnerWorker.java:52)
	at org.testng.SuiteRunnerWorker.run(SuiteRunnerWorker.java:84)
	at org.testng.TestNG.runSuitesSequentially(TestNG.java:1208)
	at org.testng.TestNG.runSuitesLocally(TestNG.java:1137)
	at org.testng.TestNG.runSuites(TestNG.java:1049)
	at org.testng.TestNG.run(TestNG.java:1017)
	at com.intellij.rt.testng.IDEARemoteTestNG.run(IDEARemoteTestNG.java:66)
	at com.intellij.rt.testng.RemoteTestNGStarter.main(RemoteTestNGStarter.java:110)
</div>
</td></tr>
</table>
<p class="totop"><a href="#summary">back to summary</a></p>
<h2 id="m3">com.qa.hubspot.tests.LoginPageTest:loginTest</h2>
<p class="totop"><a href="#summary">back to summary</a></p>
<h2 id="m4">com.qa.hubspot.tests.ContactsPageTest:createContactsDPTest</h2>
<table cellspacing="0" cellpadding="0" class="result">
<tr class="param"><th>Parameter #1</th><th>Parameter #2</th><th>Parameter #3</th><th>Parameter #4</th></tr>
<tr class="param stripe"><td>hubtest3@hubspot.com</td>
<td>Pinky</td>
<td>John</td>
<td>WebDeveloper</td>
</tr>
</table>
<p class="totop"><a href="#summary">back to summary</a></p>
<h2 id="m5">com.qa.hubspot.tests.HomePageTest:verifyHomePageTitleTest</h2>
<p class="totop"><a href="#summary">back to summary</a></p>
<h2 id="m6">com.qa.hubspot.tests.HomePageTest:verifyLoggedInUserTest</h2>
<p class="totop"><a href="#summary">back to summary</a></p>
<h2 id="m7">com.qa.hubspot.tests.HomePageTest:verifyHomePageHeaderTest</h2>
<p class="totop"><a href="#summary">back to summary</a></p>
<h2 id="m8">com.qa.hubspot.tests.LoginPageTest:verifySignUpLinkTest</h2>
<p class="totop"><a href="#summary">back to summary</a></p>
<h2 id="m9">com.qa.hubspot.tests.LoginPageTest:verifyLoginPageTitleTest</h2>
<p class="totop"><a href="#summary">back to summary</a></p>
<h2 id="m10">com.qa.hubspot.tests.ContactsPageTest:createContactsTest</h2>
<p class="totop"><a href="#summary">back to summary</a></p>
<h2 id="m11">com.qa.hubspot.tests.ContactsPageTest:createContactsDPTest</h2>
<table cellspacing="0" cellpadding="0" class="result">
<tr class="param"><th>Parameter #1</th><th>Parameter #2</th><th>Parameter #3</th><th>Parameter #4</th></tr>
<tr class="param stripe"><td>hubtest2@huspot.com</td>
<td>Teena</td>
<td>Parker</td>
<td>Delivery Manager</td>
</tr>
</table>
<p class="totop"><a href="#summary">back to summary</a></p>
<h2 id="m12">com.qa.hubspot.tests.ContactsPageTest:verifyContactPageTitleTest</h2>
<p class="totop"><a href="#summary">back to summary</a></p>
</body></html>
